app/build/outputs/logs/manifest-merger-debug-report.txt
-- Merging decision tree log ---
manifest
ADDED from src/main/AndroidManifest.xml:2:1-100:12
	package
		ADDED from src/main/AndroidManifest.xml:3:5-36
		INJECTED from src/main/AndroidManifest.xml
		INJECTED from src/main/AndroidManifest.xml
	android:versionName
		INJECTED from src/main/AndroidManifest.xml
		INJECTED from src/main/AndroidManifest.xml
	xmlns:android
		ADDED from src/main/AndroidManifest.xml:2:11-69
	android:versionCode
		INJECTED from src/main/AndroidManifest.xml
		INJECTED from src/main/AndroidManifest.xml
uses-permission#android.permission.INTERNET
ADDED from src/main/AndroidManifest.xml:5:5-66
	android:name
		ADDED from src/main/AndroidManifest.xml:5:22-64
application
ADDED from src/main/AndroidManifest.xml:7:5-97:19
MERGED from [com.android.support:appcompat-v7:23.4.0] AndroidManifest.xml:25:5-20
MERGED from [com.android.support:animated-vector-drawable:23.4.0] AndroidManifest.xml:7:5-20
MERGED from [com.android.support:support-vector-drawable:23.4.0] AndroidManifest.xml:7:5-20
MERGED from [com.android.support:support-v4:23.4.0] AndroidManifest.xml:22:5-20
MERGED from [com.android.support:support-v4:23.4.0] AndroidManifest.xml:22:5-20
MERGED from [com.android.support:support-vector-drawable:23.4.0] AndroidManifest.xml:7:5-20
MERGED from [com.android.support:support-v4:23.4.0] AndroidManifest.xml:22:5-20
MERGED from [com.android.support:design:23.2.1] AndroidManifest.xml:22:5-20
MERGED from [com.android.support:support-v4:23.4.0] AndroidManifest.xml:22:5-20
MERGED from [com.android.support:appcompat-v7:23.4.0] AndroidManifest.xml:25:5-20
MERGED from [com.android.support:animated-vector-drawable:23.4.0] AndroidManifest.xml:7:5-20
MERGED from [com.android.support:support-vector-drawable:23.4.0] AndroidManifest.xml:7:5-20
MERGED from [com.android.support:support-v4:23.4.0] AndroidManifest.xml:22:5-20
MERGED from [com.android.support:support-v4:23.4.0] AndroidManifest.xml:22:5-20
MERGED from [com.android.support:support-vector-drawable:23.4.0] AndroidManifest.xml:7:5-20
MERGED from [com.android.support:support-v4:23.4.0] AndroidManifest.xml:22:5-20
MERGED from [com.android.support:support-v4:23.4.0] AndroidManifest.xml:22:5-20
	android:label
		ADDED from src/main/AndroidManifest.xml:10:9-41
	android:supportsRtl
		ADDED from src/main/AndroidManifest.xml:11:9-35
	android:allowBackup
		ADDED from src/main/AndroidManifest.xml:8:9-35
	android:icon
		ADDED from src/main/AndroidManifest.xml:9:9-47
	android:theme
		ADDED from src/main/AndroidManifest.xml:12:9-40
activity#com.elegance.takeback.Form_Creation
ADDED from src/main/AndroidManifest.xml:13:9-23:20
	android:label
		ADDED from src/main/AndroidManifest.xml:15:13-44
	android:icon
		ADDED from src/main/AndroidManifest.xml:16:13-51
	android:theme
		ADDED from src/main/AndroidManifest.xml:17:13-44
	android:name
		ADDED from src/main/AndroidManifest.xml:14:13-42
intent-filter#android.intent.action.MAIN+android.intent.category.LAUNCHER
ADDED from src/main/AndroidManifest.xml:18:13-22:29
action#android.intent.action.MAIN
ADDED from src/main/AndroidManifest.xml:19:17-69
	android:name
		ADDED from src/main/AndroidManifest.xml:19:25-66
category#android.intent.category.LAUNCHER
ADDED from src/main/AndroidManifest.xml:21:17-77
	android:name
		ADDED from src/main/AndroidManifest.xml:21:27-74
activity#com.elegance.takeback.MainActivity
ADDED from src/main/AndroidManifest.xml:25:9-36:20
	android:label
		ADDED from src/main/AndroidManifest.xml:27:13-30
	android:icon
		ADDED from src/main/AndroidManifest.xml:28:13-51
	android:theme
		ADDED from src/main/AndroidManifest.xml:29:13-44
	android:name
		ADDED from src/main/AndroidManifest.xml:26:13-41
intent-filter#android.intent.category.DEFAULT+com.elegance.feedback.MAINACTIVITY
ADDED from src/main/AndroidManifest.xml:30:13-34:29
action#com.elegance.feedback.MAINACTIVITY
ADDED from src/main/AndroidManifest.xml:31:17-77
	android:name
		ADDED from src/main/AndroidManifest.xml:31:25-74
category#android.intent.category.DEFAULT
ADDED from src/main/AndroidManifest.xml:33:17-76
	android:name
		ADDED from src/main/AndroidManifest.xml:33:27-73
activity#com.elegance.takeback.AskCompanyDetails
ADDED from src/main/AndroidManifest.xml:38:9-46:20
	android:label
		ADDED from src/main/AndroidManifest.xml:40:13-43
	android:theme
		ADDED from src/main/AndroidManifest.xml:41:13-44
	android:name
		ADDED from src/main/AndroidManifest.xml:39:13-46
intent-filter#com.elegance.feedback.ASKCOMPANYDETAILS
ADDED from src/main/AndroidManifest.xml:42:13-44:29
action#com.elegance.feedback.ASKCOMPANYDETAILS
ADDED from src/main/AndroidManifest.xml:43:17-81
	android:name
		ADDED from src/main/AndroidManifest.xml:43:25-79
activity#com.elegance.takeback.preview
ADDED from src/main/AndroidManifest.xml:48:9-59:20
	android:label
		ADDED from src/main/AndroidManifest.xml:50:13-46
	android:configChanges
		ADDED from src/main/AndroidManifest.xml:51:13-63
	android:theme
		ADDED from src/main/AndroidManifest.xml:52:13-44
	android:name
		ADDED from src/main/AndroidManifest.xml:49:13-36
intent-filter#android.intent.category.DEFAULT+com.elegance.feedback.PREVIEW
ADDED from src/main/AndroidManifest.xml:53:13-57:29
action#com.elegance.feedback.PREVIEW
ADDED from src/main/AndroidManifest.xml:54:17-72
	android:name
		ADDED from src/main/AndroidManifest.xml:54:25-69
activity#com.elegance.takeback.Load_Form
ADDED from src/main/AndroidManifest.xml:61:9-72:20
	android:label
		ADDED from src/main/AndroidManifest.xml:63:13-46
	android:configChanges
		ADDED from src/main/AndroidManifest.xml:64:13-63
	android:theme
		ADDED from src/main/AndroidManifest.xml:65:13-56
	android:name
		ADDED from src/main/AndroidManifest.xml:62:13-38
intent-filter#android.intent.category.DEFAULT+com.elegance.feedback.LOAD_FORM
ADDED from src/main/AndroidManifest.xml:66:13-70:29
action#com.elegance.feedback.LOAD_FORM
ADDED from src/main/AndroidManifest.xml:67:17-74
	android:name
		ADDED from src/main/AndroidManifest.xml:67:25-71
activity#com.elegance.takeback.ChooseType
ADDED from src/main/AndroidManifest.xml:74:9-84:20
	android:label
		ADDED from src/main/AndroidManifest.xml:76:13-40
	android:theme
		ADDED from src/main/AndroidManifest.xml:77:13-44
	android:name
		ADDED from src/main/AndroidManifest.xml:75:13-39
intent-filter#android.intent.category.DEFAULT+com.elegance.feedback.CHOOSETYPE
ADDED from src/main/AndroidManifest.xml:78:13-82:29
action#com.elegance.feedback.CHOOSETYPE
ADDED from src/main/AndroidManifest.xml:79:17-75
	android:name
		ADDED from src/main/AndroidManifest.xml:79:25-72
activity#com.elegance.takeback.AddQuestion
ADDED from src/main/AndroidManifest.xml:86:9-96:20
	android:label
		ADDED from src/main/AndroidManifest.xml:88:13-41
	android:theme
		ADDED from src/main/AndroidManifest.xml:89:13-44
	android:name
		ADDED from src/main/AndroidManifest.xml:87:13-40
intent-filter#android.intent.category.DEFAULT+com.elegance.feedback.ADDQUESTION
ADDED from src/main/AndroidManifest.xml:90:13-94:29
action#com.elegance.feedback.ADDQUESTION
ADDED from src/main/AndroidManifest.xml:91:17-76
	android:name
		ADDED from src/main/AndroidManifest.xml:91:25-73
uses-sdk
INJECTED from src/main/AndroidManifest.xml reason: use-sdk injection requested
MERGED from [com.android.support:appcompat-v7:23.4.0] AndroidManifest.xml:21:5-23:78
MERGED from [com.android.support:animated-vector-drawable:23.4.0] AndroidManifest.xml:5:5-44
MERGED from [com.android.support:support-vector-drawable:23.4.0] AndroidManifest.xml:5:5-43
MERGED from [com.android.support:support-v4:23.4.0] AndroidManifest.xml:20:5-43
MERGED from [com.android.support:support-v4:23.4.0] AndroidManifest.xml:20:5-43
MERGED from [com.android.support:support-vector-drawable:23.4.0] AndroidManifest.xml:5:5-43
MERGED from [com.android.support:support-v4:23.4.0] AndroidManifest.xml:20:5-43
MERGED from [com.android.support:design:23.2.1] AndroidManifest.xml:20:5-43
MERGED from [com.android.support:support-v4:23.4.0] AndroidManifest.xml:20:5-43
MERGED from [com.android.support:appcompat-v7:23.4.0] AndroidManifest.xml:21:5-23:78
MERGED from [com.android.support:animated-vector-drawable:23.4.0] AndroidManifest.xml:5:5-44
MERGED from [com.android.support:support-vector-drawable:23.4.0] AndroidManifest.xml:5:5-43
MERGED from [com.android.support:support-v4:23.4.0] AndroidManifest.xml:20:5-43
MERGED from [com.android.support:support-v4:23.4.0] AndroidManifest.xml:20:5-43
MERGED from [com.android.support:support-vector-drawable:23.4.0] AndroidManifest.xml:5:5-43
MERGED from [com.android.support:support-v4:23.4.0] AndroidManifest.xml:20:5-43
MERGED from [com.android.support:recyclerview-v7:23.2.1] AndroidManifest.xml:20:5-43
MERGED from [com.android.support:support-v4:23.4.0] AndroidManifest.xml:20:5-43
	tools:overrideLibrary
		ADDED from [com.android.support:appcompat-v7:23.4.0] AndroidManifest.xml:23:9-75
	android:targetSdkVersion
		INJECTED from src/main/AndroidManifest.xml
		INJECTED from src/main/AndroidManifest.xml
	android:minSdkVersion
		INJECTED from src/main/AndroidManifest.xml
		INJECTED from src/main/AndroidManifest.xml